Flow report for L1C010
Mon Oct 07 16:14:54 2013
Quartus II Version 9.0 Build 235 06/17/2009 Service Pack 2 SJ Web Edition


---------------------
; Table of Contents ;
---------------------
  1. Legal Notice
  2. Flow Summary
  3. Flow Settings
  4. Flow Non-Default Global Settings
  5. Flow Elapsed Time
  6. Flow OS Summary
  7. Flow Log



----------------
; Legal Notice ;
----------------
Copyright (C) 1991-2009 Altera Corporation
Your use of Altera Corporation's design tools, logic functions 
and other software and tools, and its AMPP partner logic 
functions, and any output files from any of the foregoing 
(including device programming or simulation files), and any 
associated documentation or information are expressly subject 
to the terms and conditions of the Altera Program License 
Subscription Agreement, Altera MegaCore Function License 
Agreement, or other applicable license agreement, including, 
without limitation, that your use is for the sole purpose of 
programming logic devices manufactured by Altera and sold by 
Altera or its authorized distributors.  Please refer to the 
applicable agreement for further details.



+-----------------------------------------------------------------------------------+
; Flow Summary                                                                      ;
+------------------------------------+----------------------------------------------+
; Flow Status                        ; Successful - Mon Oct 07 16:14:53 2013        ;
; Quartus II Version                 ; 9.0 Build 235 06/17/2009 SP 2 SJ Web Edition ;
; Revision Name                      ; L1C010                                       ;
; Top-level Entity Name              ; L1C010                                       ;
; Family                             ; Cyclone II                                   ;
; Device                             ; EP2C20F484C7                                 ;
; Timing Models                      ; Final                                        ;
; Met timing requirements            ; Yes                                          ;
; Total logic elements               ; 6 / 18,752 ( < 1 % )                         ;
;     Total combinational functions  ; 6 / 18,752 ( < 1 % )                         ;
;     Dedicated logic registers      ; 0 / 18,752 ( 0 % )                           ;
; Total registers                    ; 0                                            ;
; Total pins                         ; 34 / 315 ( 11 % )                            ;
; Total virtual pins                 ; 0                                            ;
; Total memory bits                  ; 0 / 239,616 ( 0 % )                          ;
; Embedded Multiplier 9-bit elements ; 0 / 52 ( 0 % )                               ;
; Total PLLs                         ; 0 / 4 ( 0 % )                                ;
+------------------------------------+----------------------------------------------+


+-----------------------------------------+
; Flow Settings                           ;
+-------------------+---------------------+
; Option            ; Setting             ;
+-------------------+---------------------+
; Start date & time ; 10/07/2013 16:14:40 ;
; Main task         ; Compilation         ;
; Revision Name     ; L1C010              ;
+-------------------+---------------------+


+-----------------------------------------------------------------------------------------------------------------------------------------+
; Flow Non-Default Global Settings                                                                                                        ;
+------------------------------------+-----------------------------------------------------+---------------+-------------+----------------+
; Assignment Name                    ; Value                                               ; Default Value ; Entity Name ; Section Id     ;
+------------------------------------+-----------------------------------------------------+---------------+-------------+----------------+
; COMPILER_SIGNATURE_ID              ; 88945712090370.138118768005028                      ; --            ; --          ; --             ;
; MAX_CORE_JUNCTION_TEMP             ; 85                                                  ; --            ; --          ; --             ;
; MIN_CORE_JUNCTION_TEMP             ; 0                                                   ; --            ; --          ; --             ;
; MISC_FILE                          ; C:/Users/jtbishop/Desktop/CSE 140/L1C010/L1C010.dpf ; --            ; --          ; --             ;
; MISC_FILE                          ; J:/CSE140/CSE 140/L1C010/L1C010.dpf                 ; --            ; --          ; --             ;
; MISC_FILE                          ; E:/CSE140/CSE 140/L1C010/L1C010.dpf                 ; --            ; --          ; --             ;
; PARTITION_COLOR                    ; 16764057                                            ; --            ; --          ; Top            ;
; PARTITION_NETLIST_TYPE             ; SOURCE                                              ; --            ; --          ; Top            ;
; TPD_REQUIREMENT                    ; 8 ns                                                ; --            ; --          ; --             ;
; USE_GENERATED_PHYSICAL_CONSTRAINTS ; Off                                                 ; --            ; --          ; eda_blast_fpga ;
+------------------------------------+-----------------------------------------------------+---------------+-------------+----------------+


+-----------------------------------------------------------------------------------------------------------------------------+
; Flow Elapsed Time                                                                                                           ;
+-------------------------+--------------+-------------------------+---------------------+------------------------------------+
; Module Name             ; Elapsed Time ; Average Processors Used ; Peak Virtual Memory ; Total CPU Time (on all processors) ;
+-------------------------+--------------+-------------------------+---------------------+------------------------------------+
; Analysis & Synthesis    ; 00:00:02     ; 1.0                     ; 212 MB              ; 00:00:01                           ;
; Fitter                  ; 00:00:05     ; 1.0                     ; 253 MB              ; 00:00:04                           ;
; Assembler               ; 00:00:02     ; 1.0                     ; 231 MB              ; 00:00:02                           ;
; Classic Timing Analyzer ; 00:00:00     ; 1.0                     ; 166 MB              ; 00:00:00                           ;
; Total                   ; 00:00:09     ; --                      ; --                  ; 00:00:07                           ;
+-------------------------+--------------+-------------------------+---------------------+------------------------------------+


+------------------------------------------------------------------------------------------+
; Flow OS Summary                                                                          ;
+-------------------------+------------------+---------------+------------+----------------+
; Module Name             ; Machine Hostname ; OS Name       ; OS Version ; Processor type ;
+-------------------------+------------------+---------------+------------+----------------+
; Analysis & Synthesis    ; Jesse-HP         ; Windows Vista ; 6.1        ; x86_64         ;
; Fitter                  ; Jesse-HP         ; Windows Vista ; 6.1        ; x86_64         ;
; Assembler               ; Jesse-HP         ; Windows Vista ; 6.1        ; x86_64         ;
; Classic Timing Analyzer ; Jesse-HP         ; Windows Vista ; 6.1        ; x86_64         ;
+-------------------------+------------------+---------------+------------+----------------+


------------
; Flow Log ;
------------
quartus_map --read_settings_files=on --write_settings_files=off L1C010 -c L1C010
quartus_fit --read_settings_files=off --write_settings_files=off L1C010 -c L1C010
quartus_asm --read_settings_files=off --write_settings_files=off L1C010 -c L1C010
quartus_tan --read_settings_files=off --write_settings_files=off L1C010 -c L1C010 --timing_analysis_only



